<?xml version="1.0" encoding="UTF-8"?>
<!-- Generated by org.testng.reporters.JUnitXMLReporter -->
<testsuite hostname="737776-dev" ignored="0" name="1- NewAccountCreation" tests="8" failures="0" timestamp="15 Mar 2017 06:39:00 GMT" time="121.136" errors="0">
  <testcase name="newaccount" time="0.015" classname="com.automation.testscripts.Invessence.NewPortfolioCreationOpenAccount"/>
  <testcase name="newaccount" time="0.003" classname="com.automation.testscripts.Invessence.NewPortfolioCreationOpenAccount"/>
  <testcase name="newaccount" time="0.003" classname="com.automation.testscripts.Invessence.NewPortfolioCreationOpenAccount"/>
  <testcase name="newaccount" time="0.003" classname="com.automation.testscripts.Invessence.NewPortfolioCreationOpenAccount"/>
  <testcase name="newaccount" time="0.003" classname="com.automation.testscripts.Invessence.NewPortfolioCreationOpenAccount"/>
  <testcase name="newaccount" time="0.002" classname="com.automation.testscripts.Invessence.NewPortfolioCreationOpenAccount"/>
  <testcase name="newaccount" time="0.002" classname="com.automation.testscripts.Invessence.NewPortfolioCreationOpenAccount"/>
  <testcase name="newaccount" time="117.421" classname="com.automation.testscripts.Invessence.NewPortfolioCreationOpenAccount"/>
</testsuite> <!-- 1- NewAccountCreation -->
