<?xml version="1.0" encoding="UTF-8"?>
<!-- Generated by org.testng.reporters.JUnitXMLReporter -->
<testsuite hostname="MINDLAPD-31" name="NewAccountCreation" tests="3" failures="0" timestamp="6 Mar 2017 10:56:04 GMT" time="35.71" errors="0">
  <testcase name="newaccount" time="0.016" classname="com.automation.testscripts.Invessence.NewAccount"/>
  <testcase name="newaccount" time="34.671" classname="com.automation.testscripts.Invessence.NewAccount"/>
  <testcase name="newaccount" time="0.0" classname="com.automation.testscripts.Invessence.NewAccount"/>
</testsuite> <!-- NewAccountCreation -->
