<?xml version="1.0" encoding="UTF-8"?>
<testng-results skipped="0" failed="0" ignored="0" total="3" passed="3">
  <reporter-output>
  </reporter-output>
  <suite name="Default suite" duration-ms="1384" started-at="2017-03-15T07:16:08Z" finished-at="2017-03-15T07:16:10Z">
    <groups>
    </groups>
    <test name="Default test" duration-ms="1384" started-at="2017-03-15T07:16:08Z" finished-at="2017-03-15T07:16:10Z">
      <class name="com.automation.testscripts.Invessence.DBMethods">
        <test-method status="PASS" signature="ClientAccountId(java.lang.String, java.lang.String, java.lang.String, java.lang.String, java.lang.String, java.lang.String)[pri:0, instance:com.automation.testscripts.Invessence.DBMethods@18520fa4]" name="ClientAccountId" duration-ms="14" started-at="2017-03-15T03:16:09Z" data-provider="myTest" finished-at="2017-03-15T03:16:09Z">
          <params>
            <param index="0">
              <value>
                <![CDATA[TCID]]>
              </value>
            </param>
            <param index="1">
              <value>
                <![CDATA[dburl]]>
              </value>
            </param>
            <param index="2">
              <value>
                <![CDATA[dbusername]]>
              </value>
            </param>
            <param index="3">
              <value>
                <![CDATA[dbpassword]]>
              </value>
            </param>
            <param index="4">
              <value>
                <![CDATA[Execute]]>
              </value>
            </param>
            <param index="5">
              <value>
                <![CDATA[Results]]>
              </value>
            </param>
          </params>
          <reporter-output>
          </reporter-output>
        </test-method> <!-- ClientAccountId -->
        <test-method status="PASS" signature="ClientAccountId(java.lang.String, java.lang.String, java.lang.String, java.lang.String, java.lang.String, java.lang.String)[pri:0, instance:com.automation.testscripts.Invessence.DBMethods@18520fa4]" name="ClientAccountId" duration-ms="452" started-at="2017-03-15T03:16:09Z" data-provider="myTest" finished-at="2017-03-15T03:16:10Z">
          <params>
            <param index="0">
              <value>
                <![CDATA[TC001]]>
              </value>
            </param>
            <param index="1">
              <value>
                <![CDATA[jdbc:mysql://preuat.invessence.com:3306/invdb]]>
              </value>
            </param>
            <param index="2">
              <value>
                <![CDATA[webuser]]>
              </value>
            </param>
            <param index="3">
              <value>
                <![CDATA[inv3ss3nc3u530n1y]]>
              </value>
            </param>
            <param index="4">
              <value>
                <![CDATA[Y]]>
              </value>
            </param>
            <param index="5">
              <value>
                <![CDATA[]]>
              </value>
            </param>
          </params>
          <reporter-output>
          </reporter-output>
        </test-method> <!-- ClientAccountId -->
        <test-method status="PASS" signature="ClientAccountId(java.lang.String, java.lang.String, java.lang.String, java.lang.String, java.lang.String, java.lang.String)[pri:0, instance:com.automation.testscripts.Invessence.DBMethods@18520fa4]" name="ClientAccountId" duration-ms="3" started-at="2017-03-15T03:16:10Z" data-provider="myTest" finished-at="2017-03-15T03:16:10Z">
          <params>
            <param index="0">
              <value>
                <![CDATA[TC002]]>
              </value>
            </param>
            <param index="1">
              <value>
                <![CDATA[jdbc:mysql://preuat.invessence.com:3306/PREUAT-WEBUSER]]>
              </value>
            </param>
            <param index="2">
              <value>
                <![CDATA[webuser]]>
              </value>
            </param>
            <param index="3">
              <value>
                <![CDATA[inv3ss3nc3u530n1y]]>
              </value>
            </param>
            <param index="4">
              <value>
                <![CDATA[N]]>
              </value>
            </param>
            <param index="5">
              <value>
                <![CDATA[]]>
              </value>
            </param>
          </params>
          <reporter-output>
          </reporter-output>
        </test-method> <!-- ClientAccountId -->
      </class> <!-- com.automation.testscripts.Invessence.DBMethods -->
    </test> <!-- Default test -->
  </suite> <!-- Default suite -->
</testng-results>
