<?xml version="1.0" encoding="UTF-8"?>
<!-- Generated by org.testng.reporters.JUnitXMLReporter -->
<testsuite hostname="737776-dev" ignored="0" name="Default test" tests="3" failures="0" timestamp="15 Mar 2017 07:16:10 GMT" time="1.384" errors="0">
  <testcase name="ClientAccountId" time="0.014" classname="com.automation.testscripts.Invessence.DBMethods"/>
  <testcase name="ClientAccountId" time="0.452" classname="com.automation.testscripts.Invessence.DBMethods"/>
  <testcase name="ClientAccountId" time="0.003" classname="com.automation.testscripts.Invessence.DBMethods"/>
</testsuite> <!-- Default test -->
