<?xml version="1.0" encoding="UTF-8"?>
<testsuite name="1- NewAccountCreation"
           tests="8"
           failures="0"
           errors="0"
           skipped="0"
           time="117.452">
  <properties />
  
  
            <testcase name="newaccount" time="117.421" classname="com.automation.testscripts.Invessence.NewPortfolioCreationOpenAccount" />
                <testcase name="newaccount" time="0.003" classname="com.automation.testscripts.Invessence.NewPortfolioCreationOpenAccount" />
                <testcase name="newaccount" time="0.003" classname="com.automation.testscripts.Invessence.NewPortfolioCreationOpenAccount" />
                <testcase name="newaccount" time="0.015" classname="com.automation.testscripts.Invessence.NewPortfolioCreationOpenAccount" />
                <testcase name="newaccount" time="0.003" classname="com.automation.testscripts.Invessence.NewPortfolioCreationOpenAccount" />
                <testcase name="newaccount" time="0.002" classname="com.automation.testscripts.Invessence.NewPortfolioCreationOpenAccount" />
                <testcase name="newaccount" time="0.002" classname="com.automation.testscripts.Invessence.NewPortfolioCreationOpenAccount" />
                <testcase name="newaccount" time="0.003" classname="com.automation.testscripts.Invessence.NewPortfolioCreationOpenAccount" />
      
</testsuite>
